2021-03-08 09:48:24,171 [MainThread  ] [INFO ]  Starting main function
2021-03-08 09:48:24,172 [MainThread  ] [INFO ]  Parameters:
2021-03-08 09:48:24,172 [MainThread  ] [INFO ]   SoccerNet_path : /ibex/scratch/giancos/SoccerNet_calibration/
2021-03-08 09:48:24,172 [MainThread  ] [INFO ]         features : ResNET_TF2_PCA512.npy
2021-03-08 09:48:24,172 [MainThread  ] [INFO ]       max_epochs : 1000
2021-03-08 09:48:24,172 [MainThread  ] [INFO ]     load_weights : None
2021-03-08 09:48:24,172 [MainThread  ] [INFO ]       model_name : CALF_resGCN-14_cal_25_scaled_resnet_vis_M2_run_3
2021-03-08 09:48:24,172 [MainThread  ] [INFO ]             mode : 0
2021-03-08 09:48:24,172 [MainThread  ] [INFO ]        test_only : False
2021-03-08 09:48:24,172 [MainThread  ] [INFO ]        challenge : False
2021-03-08 09:48:24,172 [MainThread  ] [INFO ]             tiny : None
2021-03-08 09:48:24,172 [MainThread  ] [INFO ]      class_split : visual
2021-03-08 09:48:24,172 [MainThread  ] [INFO ]         K_params : None
2021-03-08 09:48:24,172 [MainThread  ] [INFO ]     num_features : 512
2021-03-08 09:48:24,172 [MainThread  ] [INFO ]  chunks_per_epoch : 18000
2021-03-08 09:48:24,172 [MainThread  ] [INFO ]  evaluation_frequency : 20
2021-03-08 09:48:24,172 [MainThread  ] [INFO ]      dim_capsule : 16
2021-03-08 09:48:24,173 [MainThread  ] [INFO ]        framerate : 2
2021-03-08 09:48:24,173 [MainThread  ] [INFO ]       chunk_size : 120
2021-03-08 09:48:24,173 [MainThread  ] [INFO ]  receptive_field : 40
2021-03-08 09:48:24,173 [MainThread  ] [INFO ]     lambda_coord : 5.0
2021-03-08 09:48:24,173 [MainThread  ] [INFO ]     lambda_noobj : 0.5
2021-03-08 09:48:24,173 [MainThread  ] [INFO ]  loss_weight_segmentation : 0.000367
2021-03-08 09:48:24,173 [MainThread  ] [INFO ]  loss_weight_detection : 1.0
2021-03-08 09:48:24,173 [MainThread  ] [INFO ]   num_detections : 15
2021-03-08 09:48:24,173 [MainThread  ] [INFO ]  feature_multiplier : 2
2021-03-08 09:48:24,173 [MainThread  ] [INFO ]  backbone_player : resGCN-14
2021-03-08 09:48:24,173 [MainThread  ] [INFO ]  backbone_feature : 2DConv
2021-03-08 09:48:24,173 [MainThread  ] [INFO ]      calibration : True
2021-03-08 09:48:24,173 [MainThread  ] [INFO ]  calibration_field : False
2021-03-08 09:48:24,173 [MainThread  ] [INFO ]  calibration_cone : False
2021-03-08 09:48:24,173 [MainThread  ] [INFO ]  calibration_confidence : False
2021-03-08 09:48:24,173 [MainThread  ] [INFO ]  dim_representation_w : 64
2021-03-08 09:48:24,173 [MainThread  ] [INFO ]  dim_representation_h : 32
2021-03-08 09:48:24,173 [MainThread  ] [INFO ]  dim_representation_c : 3
2021-03-08 09:48:24,173 [MainThread  ] [INFO ]  dim_representation_player : 2
2021-03-08 09:48:24,173 [MainThread  ] [INFO ]  dist_graph_player : 25
2021-03-08 09:48:24,173 [MainThread  ] [INFO ]     with_dropout : 0.0
2021-03-08 09:48:24,173 [MainThread  ] [INFO ]       batch_size : 32
2021-03-08 09:48:24,173 [MainThread  ] [INFO ]               LR : 0.001
2021-03-08 09:48:24,173 [MainThread  ] [INFO ]         patience : 25
2021-03-08 09:48:24,174 [MainThread  ] [INFO ]              GPU : -1
2021-03-08 09:48:24,174 [MainThread  ] [INFO ]   max_num_worker : 4
2021-03-08 09:48:24,174 [MainThread  ] [INFO ]         loglevel : INFO
2021-03-08 09:48:24,614 [MainThread  ] [INFO ]  Checking/Download features and labels locally
2021-03-08 09:48:32,615 [MainThread  ] [INFO ]  Pre-compute clips
2021-03-08 10:20:19,171 [MainThread  ] [INFO ]  Checking/Download features and labels locally
2021-03-08 10:20:21,845 [MainThread  ] [INFO ]  Pre-compute clips
2021-03-08 10:31:00,244 [MainThread  ] [INFO ]  Checking/Download features and labels locally
2021-03-08 10:31:03,312 [MainThread  ] [INFO ]  Checking/Download features and labels locally
2021-03-08 10:31:06,420 [MainThread  ] [INFO ]  ContextAwareModel(
  (conv_1): Conv2d(1, 128, kernel_size=(1, 512), stride=(1, 1))
  (conv_2): Conv2d(128, 32, kernel_size=(1, 1), stride=(1, 1))
  (pad_p_1): ZeroPad2d(padding=(0, 0, 5, 6), value=0.0)
  (pad_p_2): ZeroPad2d(padding=(0, 0, 13, 13), value=0.0)
  (pad_p_3): ZeroPad2d(padding=(0, 0, 19, 20), value=0.0)
  (pad_p_4): ZeroPad2d(padding=(0, 0, 39, 40), value=0.0)
  (conv_p_1): Conv2d(32, 8, kernel_size=(12, 1), stride=(1, 1))
  (conv_p_2): Conv2d(32, 16, kernel_size=(27, 1), stride=(1, 1))
  (conv_p_3): Conv2d(32, 32, kernel_size=(40, 1), stride=(1, 1))
  (conv_p_4): Conv2d(32, 64, kernel_size=(80, 1), stride=(1, 1))
  (node_encoder): Linear(in_features=8, out_features=64, bias=True)
  (edge_encoder): Linear(in_features=8, out_features=64, bias=True)
  (layers): ModuleList(
    (0): DeepGCNLayer(block=res)
    (1): DeepGCNLayer(block=res)
    (2): DeepGCNLayer(block=res)
    (3): DeepGCNLayer(block=res)
    (4): DeepGCNLayer(block=res)
    (5): DeepGCNLayer(block=res)
    (6): DeepGCNLayer(block=res)
    (7): DeepGCNLayer(block=res)
    (8): DeepGCNLayer(block=res)
    (9): DeepGCNLayer(block=res)
    (10): DeepGCNLayer(block=res)
    (11): DeepGCNLayer(block=res)
    (12): DeepGCNLayer(block=res)
    (13): DeepGCNLayer(block=res)
  )
  (lin): Linear(in_features=64, out_features=152, bias=True)
  (pad_seg): ZeroPad2d(padding=(0, 0, 1, 1), value=0.0)
  (conv_seg): Conv2d(304, 128, kernel_size=(3, 1), stride=(1, 1))
  (batch_seg): BatchNorm2d(240, eps=0.001, momentum=0.01, affine=True, track_running_stats=True)
  (max_pool_spot): MaxPool2d(kernel_size=(3, 1), stride=(2, 1), padding=0, dilation=1, ceil_mode=False)
  (pad_spot_1): ZeroPad2d(padding=(0, 0, 1, 1), value=0.0)
  (conv_spot_1): Conv2d(136, 32, kernel_size=(3, 1), stride=(1, 1))
  (max_pool_spot_1): MaxPool2d(kernel_size=(3, 1), stride=(2, 1), padding=0, dilation=1, ceil_mode=False)
  (pad_spot_2): ZeroPad2d(padding=(0, 0, 1, 1), value=0.0)
  (conv_spot_2): Conv2d(32, 16, kernel_size=(3, 1), stride=(1, 1))
  (max_pool_spot_2): MaxPool2d(kernel_size=(3, 1), stride=(2, 1), padding=0, dilation=1, ceil_mode=False)
  (conv_conf): Conv2d(464, 30, kernel_size=(1, 1), stride=(1, 1))
  (conv_class): Conv2d(464, 120, kernel_size=(1, 1), stride=(1, 1))
  (softmax): Softmax(dim=-1)
)
2021-03-08 10:31:06,424 [MainThread  ] [INFO ]  Total number of parameters: 741828
2021-03-08 10:31:06,425 [MainThread  ] [INFO ]  start training
2021-03-08 12:52:54,333 [MainThread  ] [INFO ]  Validation performance at epoch 21 -> 0.24016475482698374
2021-03-08 13:03:24,425 [MainThread  ] [INFO ]  Test performance at epoch 21 -> 0.25338686904188834
2021-03-08 15:18:50,816 [MainThread  ] [INFO ]  Validation performance at epoch 41 -> 0.30252339136293716
2021-03-08 15:29:18,536 [MainThread  ] [INFO ]  Test performance at epoch 41 -> 0.2893479645657143
2021-03-08 17:44:57,018 [MainThread  ] [INFO ]  Validation performance at epoch 61 -> 0.3377085531549388
2021-03-08 17:55:27,935 [MainThread  ] [INFO ]  Test performance at epoch 61 -> 0.3317285192075012
2021-03-08 19:16:34,128 [MainThread  ] [INFO ]  Plateau Reached!
2021-03-08 20:10:56,445 [MainThread  ] [INFO ]  Validation performance at epoch 81 -> 0.3673329931115876
2021-03-08 20:21:28,934 [MainThread  ] [INFO ]  Test performance at epoch 81 -> 0.38064629564882135
2021-03-08 22:36:27,908 [MainThread  ] [INFO ]  Validation performance at epoch 101 -> 0.37919104429480605
2021-03-08 22:46:56,663 [MainThread  ] [INFO ]  Test performance at epoch 101 -> 0.38616119572040886
2021-03-08 23:24:12,834 [MainThread  ] [INFO ]  Plateau Reached!
2021-03-09 01:01:35,225 [MainThread  ] [INFO ]  Validation performance at epoch 121 -> 0.3849566451824582
2021-03-09 01:12:00,689 [MainThread  ] [INFO ]  Test performance at epoch 121 -> 0.3978553915707653
2021-03-09 02:26:31,716 [MainThread  ] [INFO ]  Plateau Reached!
2021-03-09 03:26:47,137 [MainThread  ] [INFO ]  Validation performance at epoch 141 -> 0.3889746895045443
2021-03-09 03:37:13,059 [MainThread  ] [INFO ]  Test performance at epoch 141 -> 0.3978872677857554
2021-03-09 05:29:17,236 [MainThread  ] [INFO ]  Plateau Reached!
2021-03-09 05:52:25,609 [MainThread  ] [INFO ]  Validation performance at epoch 161 -> 0.3868051493379088
2021-03-09 08:07:46,288 [MainThread  ] [INFO ]  Validation performance at epoch 181 -> 0.3881069922658631
2021-03-09 08:32:35,330 [MainThread  ] [INFO ]  Plateau Reached!
2021-03-09 10:22:45,706 [MainThread  ] [INFO ]  Validation performance at epoch 201 -> 0.3874675016190657
2021-03-09 11:18:51,644 [MainThread  ] [INFO ]  Plateau Reached and no more reduction -> Exiting Loop
2021-03-09 11:29:20,887 [MainThread  ] [INFO ]  Best performance at end of training 
2021-03-09 11:29:20,888 [MainThread  ] [INFO ]  Average mAP: 0.3978872677857554
2021-03-09 11:29:20,888 [MainThread  ] [INFO ]  Average mAP visible: 0.41535129192852666
2021-03-09 11:29:20,888 [MainThread  ] [INFO ]  Average mAP unshown: 0.2562331101480296
2021-03-09 11:29:20,888 [MainThread  ] [INFO ]  Average mAP per class: [0.5767027263724529, 0.33978292315981845, 0.5600061267275146, 0.5239809525591662, 0.7263724295081508, 0.45625298395894054, 0.0, 0.0]
2021-03-09 11:29:20,888 [MainThread  ] [INFO ]  Average mAP visible per class: [0.5907541261898157, 0.30854303630725816, 0.5866197933229372, 0.5900021303537166, 0.7475506065914806, 0.4993406426630049, 0.0, 0.0]
2021-03-09 11:29:20,888 [MainThread  ] [INFO ]  Average mAP unshown per class: [0.0, 0.36227188055830944, 0.4908922698997151, 0.030601099114161284, 0.617048782618953, 0.06672970047915988, 0.0, 0.0]
2021-03-09 11:29:20,892 [MainThread  ] [INFO ]  Total Execution Time is 92456.72031235695 seconds
