2021-03-08 09:49:08,035 [MainThread  ] [INFO ]  Starting main function
2021-03-08 09:49:08,035 [MainThread  ] [INFO ]  Parameters:
2021-03-08 09:49:08,035 [MainThread  ] [INFO ]   SoccerNet_path : /ibex/scratch/giancos/SoccerNet_calibration/
2021-03-08 09:49:08,035 [MainThread  ] [INFO ]         features : ResNET_TF2_PCA512.npy
2021-03-08 09:49:08,035 [MainThread  ] [INFO ]       max_epochs : 1000
2021-03-08 09:49:08,035 [MainThread  ] [INFO ]     load_weights : None
2021-03-08 09:49:08,035 [MainThread  ] [INFO ]       model_name : CALF_resGCN-14_cal_25_scaled_resnet_vis_M2_run_8
2021-03-08 09:49:08,036 [MainThread  ] [INFO ]             mode : 0
2021-03-08 09:49:08,036 [MainThread  ] [INFO ]        test_only : False
2021-03-08 09:49:08,036 [MainThread  ] [INFO ]        challenge : False
2021-03-08 09:49:08,036 [MainThread  ] [INFO ]             tiny : None
2021-03-08 09:49:08,036 [MainThread  ] [INFO ]      class_split : visual
2021-03-08 09:49:08,036 [MainThread  ] [INFO ]         K_params : None
2021-03-08 09:49:08,036 [MainThread  ] [INFO ]     num_features : 512
2021-03-08 09:49:08,036 [MainThread  ] [INFO ]  chunks_per_epoch : 18000
2021-03-08 09:49:08,036 [MainThread  ] [INFO ]  evaluation_frequency : 20
2021-03-08 09:49:08,036 [MainThread  ] [INFO ]      dim_capsule : 16
2021-03-08 09:49:08,036 [MainThread  ] [INFO ]        framerate : 2
2021-03-08 09:49:08,036 [MainThread  ] [INFO ]       chunk_size : 120
2021-03-08 09:49:08,036 [MainThread  ] [INFO ]  receptive_field : 40
2021-03-08 09:49:08,036 [MainThread  ] [INFO ]     lambda_coord : 5.0
2021-03-08 09:49:08,036 [MainThread  ] [INFO ]     lambda_noobj : 0.5
2021-03-08 09:49:08,036 [MainThread  ] [INFO ]  loss_weight_segmentation : 0.000367
2021-03-08 09:49:08,036 [MainThread  ] [INFO ]  loss_weight_detection : 1.0
2021-03-08 09:49:08,036 [MainThread  ] [INFO ]   num_detections : 15
2021-03-08 09:49:08,036 [MainThread  ] [INFO ]  feature_multiplier : 2
2021-03-08 09:49:08,036 [MainThread  ] [INFO ]  backbone_player : resGCN-14
2021-03-08 09:49:08,036 [MainThread  ] [INFO ]  backbone_feature : 2DConv
2021-03-08 09:49:08,036 [MainThread  ] [INFO ]      calibration : True
2021-03-08 09:49:08,037 [MainThread  ] [INFO ]  calibration_field : False
2021-03-08 09:49:08,037 [MainThread  ] [INFO ]  calibration_cone : False
2021-03-08 09:49:08,037 [MainThread  ] [INFO ]  calibration_confidence : False
2021-03-08 09:49:08,037 [MainThread  ] [INFO ]  dim_representation_w : 64
2021-03-08 09:49:08,037 [MainThread  ] [INFO ]  dim_representation_h : 32
2021-03-08 09:49:08,037 [MainThread  ] [INFO ]  dim_representation_c : 3
2021-03-08 09:49:08,037 [MainThread  ] [INFO ]  dim_representation_player : 2
2021-03-08 09:49:08,037 [MainThread  ] [INFO ]  dist_graph_player : 25
2021-03-08 09:49:08,037 [MainThread  ] [INFO ]     with_dropout : 0.0
2021-03-08 09:49:08,037 [MainThread  ] [INFO ]       batch_size : 32
2021-03-08 09:49:08,037 [MainThread  ] [INFO ]               LR : 0.001
2021-03-08 09:49:08,037 [MainThread  ] [INFO ]         patience : 25
2021-03-08 09:49:08,037 [MainThread  ] [INFO ]              GPU : -1
2021-03-08 09:49:08,037 [MainThread  ] [INFO ]   max_num_worker : 4
2021-03-08 09:49:08,037 [MainThread  ] [INFO ]         loglevel : INFO
2021-03-08 09:49:08,444 [MainThread  ] [INFO ]  Checking/Download features and labels locally
2021-03-08 09:49:11,557 [MainThread  ] [INFO ]  Pre-compute clips
2021-03-08 10:23:52,867 [MainThread  ] [INFO ]  Checking/Download features and labels locally
2021-03-08 10:23:53,853 [MainThread  ] [INFO ]  Pre-compute clips
2021-03-08 10:35:07,329 [MainThread  ] [INFO ]  Checking/Download features and labels locally
2021-03-08 10:35:08,331 [MainThread  ] [INFO ]  Checking/Download features and labels locally
2021-03-08 10:35:09,378 [MainThread  ] [INFO ]  ContextAwareModel(
  (conv_1): Conv2d(1, 128, kernel_size=(1, 512), stride=(1, 1))
  (conv_2): Conv2d(128, 32, kernel_size=(1, 1), stride=(1, 1))
  (pad_p_1): ZeroPad2d(padding=(0, 0, 5, 6), value=0.0)
  (pad_p_2): ZeroPad2d(padding=(0, 0, 13, 13), value=0.0)
  (pad_p_3): ZeroPad2d(padding=(0, 0, 19, 20), value=0.0)
  (pad_p_4): ZeroPad2d(padding=(0, 0, 39, 40), value=0.0)
  (conv_p_1): Conv2d(32, 8, kernel_size=(12, 1), stride=(1, 1))
  (conv_p_2): Conv2d(32, 16, kernel_size=(27, 1), stride=(1, 1))
  (conv_p_3): Conv2d(32, 32, kernel_size=(40, 1), stride=(1, 1))
  (conv_p_4): Conv2d(32, 64, kernel_size=(80, 1), stride=(1, 1))
  (node_encoder): Linear(in_features=8, out_features=64, bias=True)
  (edge_encoder): Linear(in_features=8, out_features=64, bias=True)
  (layers): ModuleList(
    (0): DeepGCNLayer(block=res)
    (1): DeepGCNLayer(block=res)
    (2): DeepGCNLayer(block=res)
    (3): DeepGCNLayer(block=res)
    (4): DeepGCNLayer(block=res)
    (5): DeepGCNLayer(block=res)
    (6): DeepGCNLayer(block=res)
    (7): DeepGCNLayer(block=res)
    (8): DeepGCNLayer(block=res)
    (9): DeepGCNLayer(block=res)
    (10): DeepGCNLayer(block=res)
    (11): DeepGCNLayer(block=res)
    (12): DeepGCNLayer(block=res)
    (13): DeepGCNLayer(block=res)
  )
  (lin): Linear(in_features=64, out_features=152, bias=True)
  (pad_seg): ZeroPad2d(padding=(0, 0, 1, 1), value=0.0)
  (conv_seg): Conv2d(304, 128, kernel_size=(3, 1), stride=(1, 1))
  (batch_seg): BatchNorm2d(240, eps=0.001, momentum=0.01, affine=True, track_running_stats=True)
  (max_pool_spot): MaxPool2d(kernel_size=(3, 1), stride=(2, 1), padding=0, dilation=1, ceil_mode=False)
  (pad_spot_1): ZeroPad2d(padding=(0, 0, 1, 1), value=0.0)
  (conv_spot_1): Conv2d(136, 32, kernel_size=(3, 1), stride=(1, 1))
  (max_pool_spot_1): MaxPool2d(kernel_size=(3, 1), stride=(2, 1), padding=0, dilation=1, ceil_mode=False)
  (pad_spot_2): ZeroPad2d(padding=(0, 0, 1, 1), value=0.0)
  (conv_spot_2): Conv2d(32, 16, kernel_size=(3, 1), stride=(1, 1))
  (max_pool_spot_2): MaxPool2d(kernel_size=(3, 1), stride=(2, 1), padding=0, dilation=1, ceil_mode=False)
  (conv_conf): Conv2d(464, 30, kernel_size=(1, 1), stride=(1, 1))
  (conv_class): Conv2d(464, 120, kernel_size=(1, 1), stride=(1, 1))
  (softmax): Softmax(dim=-1)
)
2021-03-08 10:35:09,379 [MainThread  ] [INFO ]  Total number of parameters: 741828
2021-03-08 10:35:09,380 [MainThread  ] [INFO ]  start training
2021-03-08 13:01:22,560 [MainThread  ] [INFO ]  Validation performance at epoch 21 -> 0.27621660293072653
2021-03-08 13:13:41,978 [MainThread  ] [INFO ]  Test performance at epoch 21 -> 0.2533414909200569
2021-03-08 15:33:36,701 [MainThread  ] [INFO ]  Validation performance at epoch 41 -> 0.2890258303740631
2021-03-08 15:45:58,085 [MainThread  ] [INFO ]  Test performance at epoch 41 -> 0.2853020912913899
2021-03-08 18:05:57,730 [MainThread  ] [INFO ]  Validation performance at epoch 61 -> 0.30026294307052875
2021-03-08 18:18:26,950 [MainThread  ] [INFO ]  Test performance at epoch 61 -> 0.2767995200322515
2021-03-08 18:56:59,969 [MainThread  ] [INFO ]  Plateau Reached!
2021-03-08 20:39:24,334 [MainThread  ] [INFO ]  Validation performance at epoch 81 -> 0.3482099305582264
2021-03-08 20:51:54,442 [MainThread  ] [INFO ]  Test performance at epoch 81 -> 0.3352303457960326
2021-03-08 23:13:26,204 [MainThread  ] [INFO ]  Validation performance at epoch 101 -> 0.361644819004876
2021-03-08 23:26:00,582 [MainThread  ] [INFO ]  Test performance at epoch 101 -> 0.3493439191979887
2021-03-09 00:04:24,905 [MainThread  ] [INFO ]  Plateau Reached!
2021-03-09 01:46:22,369 [MainThread  ] [INFO ]  Validation performance at epoch 121 -> 0.3615182424136947
2021-03-09 03:02:30,312 [MainThread  ] [INFO ]  Plateau Reached!
2021-03-09 04:05:47,676 [MainThread  ] [INFO ]  Validation performance at epoch 141 -> 0.35385226656851515
2021-03-09 06:00:07,892 [MainThread  ] [INFO ]  Plateau Reached!
2021-03-09 06:25:08,678 [MainThread  ] [INFO ]  Validation performance at epoch 161 -> 0.35748351177753546
2021-03-09 08:44:42,890 [MainThread  ] [INFO ]  Validation performance at epoch 181 -> 0.3575620516272606
2021-03-09 09:10:14,349 [MainThread  ] [INFO ]  Plateau Reached!
2021-03-09 11:04:13,097 [MainThread  ] [INFO ]  Validation performance at epoch 201 -> 0.36239762884063187
2021-03-09 11:16:14,388 [MainThread  ] [INFO ]  Test performance at epoch 201 -> 0.35039055728962326
2021-03-09 12:13:34,024 [MainThread  ] [INFO ]  Plateau Reached and no more reduction -> Exiting Loop
2021-03-09 12:25:37,846 [MainThread  ] [INFO ]  Best performance at end of training 
2021-03-09 12:25:37,846 [MainThread  ] [INFO ]  Average mAP: 0.35039055728962326
2021-03-09 12:25:37,846 [MainThread  ] [INFO ]  Average mAP visible: 0.3749720335958122
2021-03-09 12:25:37,847 [MainThread  ] [INFO ]  Average mAP unshown: 0.2573278943675697
2021-03-09 12:25:37,847 [MainThread  ] [INFO ]  Average mAP per class: [0.30411888842107015, 0.3146008622296104, 0.5517234893370183, 0.47895165427230474, 0.7256902819170586, 0.42607155289946747, 0.0019677292404565133, 0.0]
2021-03-09 12:25:37,847 [MainThread  ] [INFO ]  Average mAP visible per class: [0.3603242947038945, 0.27102622007789545, 0.5802651525994845, 0.5459194835531812, 0.7470358134536571, 0.453882990328798, 0.04132231404958678, 0.0]
2021-03-09 12:25:37,847 [MainThread  ] [INFO ]  Average mAP unshown per class: [0.0, 0.33186241678208794, 0.47805186515151893, 0.017053734311736332, 0.57829538701961, 0.16897783286606127, 0.0, 0.0]
2021-03-09 12:25:40,250 [MainThread  ] [INFO ]  Total Execution Time is 95792.21457910538 seconds
