2021-01-27 15:12:13,613 [MainThread  ] [INFO ]  Starting main function
2021-01-27 15:12:13,613 [MainThread  ] [INFO ]  Parameters:
2021-01-27 15:12:13,613 [MainThread  ] [INFO ]   SoccerNet_path : /media/giancos/Football/SoccerNet/
2021-01-27 15:12:13,613 [MainThread  ] [INFO ]         features : ResNET_TF2_PCA512.npy
2021-01-27 15:12:13,614 [MainThread  ] [INFO ]       max_epochs : 1000
2021-01-27 15:12:13,614 [MainThread  ] [INFO ]     load_weights : None
2021-01-27 15:12:13,614 [MainThread  ] [INFO ]       model_name : MAXPOOL_v2
2021-01-27 15:12:13,614 [MainThread  ] [INFO ]        test_only : False
2021-01-27 15:12:13,614 [MainThread  ] [INFO ]          version : 2
2021-01-27 15:12:13,614 [MainThread  ] [INFO ]     num_features : 512
2021-01-27 15:12:13,614 [MainThread  ] [INFO ]  evaluation_frequency : 10
2021-01-27 15:12:13,614 [MainThread  ] [INFO ]        framerate : 2
2021-01-27 15:12:13,614 [MainThread  ] [INFO ]       chunk_size : 20
2021-01-27 15:12:13,614 [MainThread  ] [INFO ]             pool : MAX
2021-01-27 15:12:13,614 [MainThread  ] [INFO ]       NMS_window : 20
2021-01-27 15:12:13,614 [MainThread  ] [INFO ]    NMS_threshold : 0.0
2021-01-27 15:12:13,614 [MainThread  ] [INFO ]       batch_size : 256
2021-01-27 15:12:13,614 [MainThread  ] [INFO ]               LR : 0.001
2021-01-27 15:12:13,614 [MainThread  ] [INFO ]              LRe : 1e-06
2021-01-27 15:12:13,615 [MainThread  ] [INFO ]         patience : 10
2021-01-27 15:12:13,615 [MainThread  ] [INFO ]              GPU : -1
2021-01-27 15:12:13,615 [MainThread  ] [INFO ]   max_num_worker : 4
2021-01-27 15:12:13,615 [MainThread  ] [INFO ]         loglevel : INFO
2021-01-27 15:12:13,616 [MainThread  ] [INFO ]  Checking/Download features and labels locally
2021-01-27 15:12:14,566 [MainThread  ] [INFO ]  Pre-compute clips
2021-01-27 15:12:25,196 [MainThread  ] [INFO ]  Checking/Download features and labels locally
2021-01-27 15:12:25,400 [MainThread  ] [INFO ]  Pre-compute clips
2021-01-27 15:12:28,208 [MainThread  ] [INFO ]  Checking/Download features and labels locally
2021-01-27 15:12:28,419 [MainThread  ] [INFO ]  Pre-compute clips
2021-01-27 15:12:31,046 [MainThread  ] [INFO ]  Checking/Download features and labels locally
2021-01-27 15:12:33,654 [MainThread  ] [INFO ]  Model(
  (pool_layer): MaxPool1d(kernel_size=40, stride=1, padding=0, dilation=1, ceil_mode=False)
  (fc): Linear(in_features=512, out_features=18, bias=True)
  (drop): Dropout(p=0.4, inplace=False)
  (sigm): Sigmoid()
)
2021-01-27 15:12:33,654 [MainThread  ] [INFO ]  Total number of parameters: 9234
2021-01-27 15:12:33,655 [MainThread  ] [INFO ]  start training
2021-01-27 15:14:13,694 [MainThread  ] [INFO ]  Validation performance at epoch 11 -> 0.09275412561504269
2021-01-27 15:15:44,391 [MainThread  ] [INFO ]  Validation performance at epoch 21 -> 0.11585419483589697
2021-01-27 15:17:17,791 [MainThread  ] [INFO ]  Validation performance at epoch 31 -> 0.13162382348484658
2021-01-27 15:18:46,681 [MainThread  ] [INFO ]  Validation performance at epoch 41 -> 0.13626410080717338
2021-01-27 15:18:55,448 [MainThread  ] [INFO ]  Plateau Reached!
2021-01-27 15:20:19,654 [MainThread  ] [INFO ]  Validation performance at epoch 51 -> 0.14696808859187907
2021-01-27 15:21:49,108 [MainThread  ] [INFO ]  Validation performance at epoch 61 -> 0.14829923392498975
2021-01-27 15:21:49,108 [MainThread  ] [INFO ]  Plateau Reached!
2021-01-27 15:23:19,782 [MainThread  ] [INFO ]  Validation performance at epoch 71 -> 0.14851964166316084
2021-01-27 15:24:11,839 [MainThread  ] [INFO ]  Plateau Reached!
2021-01-27 15:24:50,084 [MainThread  ] [INFO ]  Validation performance at epoch 81 -> 0.1486283611185504
2021-01-27 15:26:08,559 [MainThread  ] [INFO ]  Plateau Reached!
2021-01-27 15:26:20,433 [MainThread  ] [INFO ]  Validation performance at epoch 91 -> 0.1486188126466719
2021-01-27 15:27:52,523 [MainThread  ] [INFO ]  Validation performance at epoch 101 -> 0.1486176291843615
2021-01-27 15:27:52,523 [MainThread  ] [INFO ]  Plateau Reached!
2021-01-27 15:29:22,732 [MainThread  ] [INFO ]  Validation performance at epoch 111 -> 0.14861802894832266
2021-01-27 15:29:22,733 [MainThread  ] [INFO ]  Plateau Reached and no more reduction -> Exiting Loop
2021-01-27 15:31:41,521 [MainThread  ] [INFO ]  Best Performance at end of training 
2021-01-27 15:31:41,522 [MainThread  ] [INFO ]  a_mAP visibility all: 0.18579510833243554
2021-01-27 15:31:41,522 [MainThread  ] [INFO ]  a_mAP visibility all per class: [0.06191305608511077, 0.3025280616030058, 0.24170886567703906, 0.40039380796679697, 0.026242514276365016, 0.1399816969338735, 0.13055862696962994, 0.14870667293772044, 0.386885435087105, 0.347134031494308, 0.2678154369896897, 0.17847775243338793, 0.13448955895636153, 0.26446119410169416, 0.11829979060998319, 0.008641359666011966, 0.0002789798633213772]
2021-01-27 15:31:41,522 [MainThread  ] [INFO ]  a_mAP visibility visible: 0.2146025874644459
2021-01-27 15:31:41,522 [MainThread  ] [INFO ]  a_mAP visibility visible per class: [0.15870495852492636, 0.3956269282568596, 0.2589567726801378, 0.4686181986302035, 0.03270288173310468, 0.1405789591069881, 0.13184398098752095, 0.15680625457649341, 0.3837342030549559, 0.397515905139265, 0.268596690594452, 0.175255548734722, 0.1608361068343258, 0.2712720630905718, 0.14620365488551243, 0.09679678469943326, 0.004194095366108112]
2021-01-27 15:31:41,522 [MainThread  ] [INFO ]  a_mAP visibility unshown: 0.1500309526179286
2021-01-27 15:31:41,522 [MainThread  ] [INFO ]  a_mAP visibility unshown per class: [0.0, 0.25395472487316284, 0.0, 0.15313343800463938, 0.003966581772702531, 0.008703184293020954, 0.010913619051568747, 0.1446549505938424, 0.392306691610055, 0.24604689186218756, 0.2582287276427889, 0.20337232064391567, 0.0033206227258449385, 0.23872054697425507, 0.033080083985088105, 0.0, 0.0]
2021-01-27 15:31:42,089 [MainThread  ] [INFO ]  Total Execution Time is 1168.4761266708374 seconds
