2021-03-08 09:46:42,993 [MainThread  ] [INFO ]  Starting main function
2021-03-08 09:46:42,993 [MainThread  ] [INFO ]  Parameters:
2021-03-08 09:46:42,993 [MainThread  ] [INFO ]   SoccerNet_path : /ibex/scratch/giancos/SoccerNet_calibration/
2021-03-08 09:46:42,993 [MainThread  ] [INFO ]         features : ResNET_TF2_PCA512.npy
2021-03-08 09:46:42,993 [MainThread  ] [INFO ]       max_epochs : 1000
2021-03-08 09:46:42,994 [MainThread  ] [INFO ]     load_weights : None
2021-03-08 09:46:42,994 [MainThread  ] [INFO ]       model_name : CALF_resGCN-14_cal_25_scaled_resnet_vis_M2_run_1
2021-03-08 09:46:42,994 [MainThread  ] [INFO ]             mode : 0
2021-03-08 09:46:42,994 [MainThread  ] [INFO ]        test_only : False
2021-03-08 09:46:42,994 [MainThread  ] [INFO ]        challenge : False
2021-03-08 09:46:42,994 [MainThread  ] [INFO ]             tiny : None
2021-03-08 09:46:42,994 [MainThread  ] [INFO ]      class_split : visual
2021-03-08 09:46:42,994 [MainThread  ] [INFO ]         K_params : None
2021-03-08 09:46:42,994 [MainThread  ] [INFO ]     num_features : 512
2021-03-08 09:46:42,994 [MainThread  ] [INFO ]  chunks_per_epoch : 18000
2021-03-08 09:46:42,994 [MainThread  ] [INFO ]  evaluation_frequency : 20
2021-03-08 09:46:42,994 [MainThread  ] [INFO ]      dim_capsule : 16
2021-03-08 09:46:42,994 [MainThread  ] [INFO ]        framerate : 2
2021-03-08 09:46:42,994 [MainThread  ] [INFO ]       chunk_size : 120
2021-03-08 09:46:42,994 [MainThread  ] [INFO ]  receptive_field : 40
2021-03-08 09:46:42,994 [MainThread  ] [INFO ]     lambda_coord : 5.0
2021-03-08 09:46:42,994 [MainThread  ] [INFO ]     lambda_noobj : 0.5
2021-03-08 09:46:42,994 [MainThread  ] [INFO ]  loss_weight_segmentation : 0.000367
2021-03-08 09:46:42,994 [MainThread  ] [INFO ]  loss_weight_detection : 1.0
2021-03-08 09:46:42,994 [MainThread  ] [INFO ]   num_detections : 15
2021-03-08 09:46:42,994 [MainThread  ] [INFO ]  feature_multiplier : 2
2021-03-08 09:46:42,994 [MainThread  ] [INFO ]  backbone_player : resGCN-14
2021-03-08 09:46:42,994 [MainThread  ] [INFO ]  backbone_feature : 2DConv
2021-03-08 09:46:42,994 [MainThread  ] [INFO ]      calibration : True
2021-03-08 09:46:42,994 [MainThread  ] [INFO ]  calibration_field : False
2021-03-08 09:46:42,994 [MainThread  ] [INFO ]  calibration_cone : False
2021-03-08 09:46:42,994 [MainThread  ] [INFO ]  calibration_confidence : False
2021-03-08 09:46:42,994 [MainThread  ] [INFO ]  dim_representation_w : 64
2021-03-08 09:46:42,994 [MainThread  ] [INFO ]  dim_representation_h : 32
2021-03-08 09:46:42,994 [MainThread  ] [INFO ]  dim_representation_c : 3
2021-03-08 09:46:42,995 [MainThread  ] [INFO ]  dim_representation_player : 2
2021-03-08 09:46:42,995 [MainThread  ] [INFO ]  dist_graph_player : 25
2021-03-08 09:46:42,995 [MainThread  ] [INFO ]     with_dropout : 0.0
2021-03-08 09:46:42,995 [MainThread  ] [INFO ]       batch_size : 32
2021-03-08 09:46:42,995 [MainThread  ] [INFO ]               LR : 0.001
2021-03-08 09:46:42,995 [MainThread  ] [INFO ]         patience : 25
2021-03-08 09:46:42,995 [MainThread  ] [INFO ]              GPU : -1
2021-03-08 09:46:42,995 [MainThread  ] [INFO ]   max_num_worker : 4
2021-03-08 09:46:42,995 [MainThread  ] [INFO ]         loglevel : INFO
2021-03-08 09:46:43,545 [MainThread  ] [INFO ]  Checking/Download features and labels locally
2021-03-08 09:46:52,113 [MainThread  ] [INFO ]  Pre-compute clips
2021-03-08 10:21:46,395 [MainThread  ] [INFO ]  Checking/Download features and labels locally
2021-03-08 10:21:54,932 [MainThread  ] [INFO ]  Pre-compute clips
2021-03-08 10:33:15,439 [MainThread  ] [INFO ]  Checking/Download features and labels locally
2021-03-08 10:33:18,733 [MainThread  ] [INFO ]  Checking/Download features and labels locally
2021-03-08 10:33:21,480 [MainThread  ] [INFO ]  ContextAwareModel(
  (conv_1): Conv2d(1, 128, kernel_size=(1, 512), stride=(1, 1))
  (conv_2): Conv2d(128, 32, kernel_size=(1, 1), stride=(1, 1))
  (pad_p_1): ZeroPad2d(padding=(0, 0, 5, 6), value=0.0)
  (pad_p_2): ZeroPad2d(padding=(0, 0, 13, 13), value=0.0)
  (pad_p_3): ZeroPad2d(padding=(0, 0, 19, 20), value=0.0)
  (pad_p_4): ZeroPad2d(padding=(0, 0, 39, 40), value=0.0)
  (conv_p_1): Conv2d(32, 8, kernel_size=(12, 1), stride=(1, 1))
  (conv_p_2): Conv2d(32, 16, kernel_size=(27, 1), stride=(1, 1))
  (conv_p_3): Conv2d(32, 32, kernel_size=(40, 1), stride=(1, 1))
  (conv_p_4): Conv2d(32, 64, kernel_size=(80, 1), stride=(1, 1))
  (node_encoder): Linear(in_features=8, out_features=64, bias=True)
  (edge_encoder): Linear(in_features=8, out_features=64, bias=True)
  (layers): ModuleList(
    (0): DeepGCNLayer(block=res)
    (1): DeepGCNLayer(block=res)
    (2): DeepGCNLayer(block=res)
    (3): DeepGCNLayer(block=res)
    (4): DeepGCNLayer(block=res)
    (5): DeepGCNLayer(block=res)
    (6): DeepGCNLayer(block=res)
    (7): DeepGCNLayer(block=res)
    (8): DeepGCNLayer(block=res)
    (9): DeepGCNLayer(block=res)
    (10): DeepGCNLayer(block=res)
    (11): DeepGCNLayer(block=res)
    (12): DeepGCNLayer(block=res)
    (13): DeepGCNLayer(block=res)
  )
  (lin): Linear(in_features=64, out_features=152, bias=True)
  (pad_seg): ZeroPad2d(padding=(0, 0, 1, 1), value=0.0)
  (conv_seg): Conv2d(304, 128, kernel_size=(3, 1), stride=(1, 1))
  (batch_seg): BatchNorm2d(240, eps=0.001, momentum=0.01, affine=True, track_running_stats=True)
  (max_pool_spot): MaxPool2d(kernel_size=(3, 1), stride=(2, 1), padding=0, dilation=1, ceil_mode=False)
  (pad_spot_1): ZeroPad2d(padding=(0, 0, 1, 1), value=0.0)
  (conv_spot_1): Conv2d(136, 32, kernel_size=(3, 1), stride=(1, 1))
  (max_pool_spot_1): MaxPool2d(kernel_size=(3, 1), stride=(2, 1), padding=0, dilation=1, ceil_mode=False)
  (pad_spot_2): ZeroPad2d(padding=(0, 0, 1, 1), value=0.0)
  (conv_spot_2): Conv2d(32, 16, kernel_size=(3, 1), stride=(1, 1))
  (max_pool_spot_2): MaxPool2d(kernel_size=(3, 1), stride=(2, 1), padding=0, dilation=1, ceil_mode=False)
  (conv_conf): Conv2d(464, 30, kernel_size=(1, 1), stride=(1, 1))
  (conv_class): Conv2d(464, 120, kernel_size=(1, 1), stride=(1, 1))
  (softmax): Softmax(dim=-1)
)
2021-03-08 10:33:21,481 [MainThread  ] [INFO ]  Total number of parameters: 741828
2021-03-08 10:33:21,482 [MainThread  ] [INFO ]  start training
2021-03-08 12:59:00,579 [MainThread  ] [INFO ]  Validation performance at epoch 21 -> 0.26073331505743313
2021-03-08 13:10:42,297 [MainThread  ] [INFO ]  Test performance at epoch 21 -> 0.24777915614272727
2021-03-08 15:28:37,783 [MainThread  ] [INFO ]  Validation performance at epoch 41 -> 0.28225846026890977
2021-03-08 15:41:02,704 [MainThread  ] [INFO ]  Test performance at epoch 41 -> 0.27205362915409026
2021-03-08 17:59:56,982 [MainThread  ] [INFO ]  Validation performance at epoch 61 -> 0.3452618176214073
2021-03-08 18:12:13,713 [MainThread  ] [INFO ]  Test performance at epoch 61 -> 0.3349743483044496
2021-03-08 19:34:34,712 [MainThread  ] [INFO ]  Plateau Reached!
2021-03-08 20:31:50,634 [MainThread  ] [INFO ]  Validation performance at epoch 81 -> 0.3624894163963032
2021-03-08 20:44:01,108 [MainThread  ] [INFO ]  Test performance at epoch 81 -> 0.35072672427017626
2021-03-08 23:02:39,187 [MainThread  ] [INFO ]  Validation performance at epoch 101 -> 0.37000335182197136
2021-03-08 23:14:03,683 [MainThread  ] [INFO ]  Test performance at epoch 101 -> 0.3547925741257337
2021-03-08 23:51:21,361 [MainThread  ] [INFO ]  Plateau Reached!
2021-03-09 01:30:25,240 [MainThread  ] [INFO ]  Validation performance at epoch 121 -> 0.38142057392848105
2021-03-09 01:42:07,507 [MainThread  ] [INFO ]  Test performance at epoch 121 -> 0.3561001063898396
2021-03-09 02:57:11,665 [MainThread  ] [INFO ]  Plateau Reached!
2021-03-09 03:59:32,422 [MainThread  ] [INFO ]  Validation performance at epoch 141 -> 0.377440898642219
2021-03-09 05:51:33,827 [MainThread  ] [INFO ]  Plateau Reached!
2021-03-09 06:16:25,831 [MainThread  ] [INFO ]  Validation performance at epoch 161 -> 0.3782973654496841
2021-03-09 08:33:46,158 [MainThread  ] [INFO ]  Validation performance at epoch 181 -> 0.3787035334455338
2021-03-09 08:58:49,660 [MainThread  ] [INFO ]  Plateau Reached!
2021-03-09 10:51:50,989 [MainThread  ] [INFO ]  Validation performance at epoch 201 -> 0.378587021464824
2021-03-09 11:47:56,892 [MainThread  ] [INFO ]  Plateau Reached and no more reduction -> Exiting Loop
2021-03-09 11:59:33,128 [MainThread  ] [INFO ]  Best performance at end of training 
2021-03-09 11:59:33,129 [MainThread  ] [INFO ]  Average mAP: 0.3561001063898396
2021-03-09 11:59:33,129 [MainThread  ] [INFO ]  Average mAP visible: 0.37908376554597306
2021-03-09 11:59:33,129 [MainThread  ] [INFO ]  Average mAP unshown: 0.27392695391682803
2021-03-09 11:59:33,129 [MainThread  ] [INFO ]  Average mAP per class: [0.2526520883540233, 0.3091034510757299, 0.5700322313836123, 0.49924526279094505, 0.7610815050827759, 0.45668631243163016, 0.0, 0.0]
2021-03-09 11:59:33,129 [MainThread  ] [INFO ]  Average mAP visible per class: [0.3431758208145032, 0.2792454657777041, 0.5961872488577755, 0.5555768220045678, 0.7765775544991509, 0.48190721241408296, 0.0, 0.0]
2021-03-09 11:59:33,129 [MainThread  ] [INFO ]  Average mAP unshown per class: [0.0, 0.3278099591072096, 0.5039289925808721, 0.034711912286454656, 0.6424865155537236, 0.16685104443351192, 0.0, 0.0]
2021-03-09 11:59:33,132 [MainThread  ] [INFO ]  Total Execution Time is 94370.13971328735 seconds
