2021-03-08 09:48:26,739 [MainThread  ] [INFO ]  Starting main function
2021-03-08 09:48:26,739 [MainThread  ] [INFO ]  Parameters:
2021-03-08 09:48:26,739 [MainThread  ] [INFO ]   SoccerNet_path : /ibex/scratch/giancos/SoccerNet_calibration/
2021-03-08 09:48:26,739 [MainThread  ] [INFO ]         features : ResNET_TF2_PCA512.npy
2021-03-08 09:48:26,740 [MainThread  ] [INFO ]       max_epochs : 1000
2021-03-08 09:48:26,740 [MainThread  ] [INFO ]     load_weights : None
2021-03-08 09:48:26,740 [MainThread  ] [INFO ]       model_name : CALF_resGCN-14_cal_25_scaled_resnet_vis_M2_run_2
2021-03-08 09:48:26,740 [MainThread  ] [INFO ]             mode : 0
2021-03-08 09:48:26,740 [MainThread  ] [INFO ]        test_only : False
2021-03-08 09:48:26,740 [MainThread  ] [INFO ]        challenge : False
2021-03-08 09:48:26,740 [MainThread  ] [INFO ]             tiny : None
2021-03-08 09:48:26,740 [MainThread  ] [INFO ]      class_split : visual
2021-03-08 09:48:26,740 [MainThread  ] [INFO ]         K_params : None
2021-03-08 09:48:26,740 [MainThread  ] [INFO ]     num_features : 512
2021-03-08 09:48:26,740 [MainThread  ] [INFO ]  chunks_per_epoch : 18000
2021-03-08 09:48:26,740 [MainThread  ] [INFO ]  evaluation_frequency : 20
2021-03-08 09:48:26,740 [MainThread  ] [INFO ]      dim_capsule : 16
2021-03-08 09:48:26,740 [MainThread  ] [INFO ]        framerate : 2
2021-03-08 09:48:26,740 [MainThread  ] [INFO ]       chunk_size : 120
2021-03-08 09:48:26,740 [MainThread  ] [INFO ]  receptive_field : 40
2021-03-08 09:48:26,740 [MainThread  ] [INFO ]     lambda_coord : 5.0
2021-03-08 09:48:26,740 [MainThread  ] [INFO ]     lambda_noobj : 0.5
2021-03-08 09:48:26,740 [MainThread  ] [INFO ]  loss_weight_segmentation : 0.000367
2021-03-08 09:48:26,740 [MainThread  ] [INFO ]  loss_weight_detection : 1.0
2021-03-08 09:48:26,740 [MainThread  ] [INFO ]   num_detections : 15
2021-03-08 09:48:26,740 [MainThread  ] [INFO ]  feature_multiplier : 2
2021-03-08 09:48:26,741 [MainThread  ] [INFO ]  backbone_player : resGCN-14
2021-03-08 09:48:26,741 [MainThread  ] [INFO ]  backbone_feature : 2DConv
2021-03-08 09:48:26,741 [MainThread  ] [INFO ]      calibration : True
2021-03-08 09:48:26,741 [MainThread  ] [INFO ]  calibration_field : False
2021-03-08 09:48:26,741 [MainThread  ] [INFO ]  calibration_cone : False
2021-03-08 09:48:26,741 [MainThread  ] [INFO ]  calibration_confidence : False
2021-03-08 09:48:26,741 [MainThread  ] [INFO ]  dim_representation_w : 64
2021-03-08 09:48:26,741 [MainThread  ] [INFO ]  dim_representation_h : 32
2021-03-08 09:48:26,741 [MainThread  ] [INFO ]  dim_representation_c : 3
2021-03-08 09:48:26,741 [MainThread  ] [INFO ]  dim_representation_player : 2
2021-03-08 09:48:26,741 [MainThread  ] [INFO ]  dist_graph_player : 25
2021-03-08 09:48:26,741 [MainThread  ] [INFO ]     with_dropout : 0.0
2021-03-08 09:48:26,741 [MainThread  ] [INFO ]       batch_size : 32
2021-03-08 09:48:26,741 [MainThread  ] [INFO ]               LR : 0.001
2021-03-08 09:48:26,741 [MainThread  ] [INFO ]         patience : 25
2021-03-08 09:48:26,741 [MainThread  ] [INFO ]              GPU : -1
2021-03-08 09:48:26,741 [MainThread  ] [INFO ]   max_num_worker : 4
2021-03-08 09:48:26,741 [MainThread  ] [INFO ]         loglevel : INFO
2021-03-08 09:48:27,165 [MainThread  ] [INFO ]  Checking/Download features and labels locally
2021-03-08 09:48:40,768 [MainThread  ] [INFO ]  Pre-compute clips
2021-03-08 10:20:18,859 [MainThread  ] [INFO ]  Checking/Download features and labels locally
2021-03-08 10:20:24,010 [MainThread  ] [INFO ]  Pre-compute clips
2021-03-08 10:31:00,119 [MainThread  ] [INFO ]  Checking/Download features and labels locally
2021-03-08 10:31:04,647 [MainThread  ] [INFO ]  Checking/Download features and labels locally
2021-03-08 10:31:09,098 [MainThread  ] [INFO ]  ContextAwareModel(
  (conv_1): Conv2d(1, 128, kernel_size=(1, 512), stride=(1, 1))
  (conv_2): Conv2d(128, 32, kernel_size=(1, 1), stride=(1, 1))
  (pad_p_1): ZeroPad2d(padding=(0, 0, 5, 6), value=0.0)
  (pad_p_2): ZeroPad2d(padding=(0, 0, 13, 13), value=0.0)
  (pad_p_3): ZeroPad2d(padding=(0, 0, 19, 20), value=0.0)
  (pad_p_4): ZeroPad2d(padding=(0, 0, 39, 40), value=0.0)
  (conv_p_1): Conv2d(32, 8, kernel_size=(12, 1), stride=(1, 1))
  (conv_p_2): Conv2d(32, 16, kernel_size=(27, 1), stride=(1, 1))
  (conv_p_3): Conv2d(32, 32, kernel_size=(40, 1), stride=(1, 1))
  (conv_p_4): Conv2d(32, 64, kernel_size=(80, 1), stride=(1, 1))
  (node_encoder): Linear(in_features=8, out_features=64, bias=True)
  (edge_encoder): Linear(in_features=8, out_features=64, bias=True)
  (layers): ModuleList(
    (0): DeepGCNLayer(block=res)
    (1): DeepGCNLayer(block=res)
    (2): DeepGCNLayer(block=res)
    (3): DeepGCNLayer(block=res)
    (4): DeepGCNLayer(block=res)
    (5): DeepGCNLayer(block=res)
    (6): DeepGCNLayer(block=res)
    (7): DeepGCNLayer(block=res)
    (8): DeepGCNLayer(block=res)
    (9): DeepGCNLayer(block=res)
    (10): DeepGCNLayer(block=res)
    (11): DeepGCNLayer(block=res)
    (12): DeepGCNLayer(block=res)
    (13): DeepGCNLayer(block=res)
  )
  (lin): Linear(in_features=64, out_features=152, bias=True)
  (pad_seg): ZeroPad2d(padding=(0, 0, 1, 1), value=0.0)
  (conv_seg): Conv2d(304, 128, kernel_size=(3, 1), stride=(1, 1))
  (batch_seg): BatchNorm2d(240, eps=0.001, momentum=0.01, affine=True, track_running_stats=True)
  (max_pool_spot): MaxPool2d(kernel_size=(3, 1), stride=(2, 1), padding=0, dilation=1, ceil_mode=False)
  (pad_spot_1): ZeroPad2d(padding=(0, 0, 1, 1), value=0.0)
  (conv_spot_1): Conv2d(136, 32, kernel_size=(3, 1), stride=(1, 1))
  (max_pool_spot_1): MaxPool2d(kernel_size=(3, 1), stride=(2, 1), padding=0, dilation=1, ceil_mode=False)
  (pad_spot_2): ZeroPad2d(padding=(0, 0, 1, 1), value=0.0)
  (conv_spot_2): Conv2d(32, 16, kernel_size=(3, 1), stride=(1, 1))
  (max_pool_spot_2): MaxPool2d(kernel_size=(3, 1), stride=(2, 1), padding=0, dilation=1, ceil_mode=False)
  (conv_conf): Conv2d(464, 30, kernel_size=(1, 1), stride=(1, 1))
  (conv_class): Conv2d(464, 120, kernel_size=(1, 1), stride=(1, 1))
  (softmax): Softmax(dim=-1)
)
2021-03-08 10:31:09,102 [MainThread  ] [INFO ]  Total number of parameters: 741828
2021-03-08 10:31:09,104 [MainThread  ] [INFO ]  start training
2021-03-08 12:56:04,361 [MainThread  ] [INFO ]  Validation performance at epoch 21 -> 0.24485896636509522
2021-03-08 13:06:33,651 [MainThread  ] [INFO ]  Test performance at epoch 21 -> 0.2518106101744286
2021-03-08 15:07:58,840 [MainThread  ] [INFO ]  Plateau Reached!
2021-03-08 15:24:19,344 [MainThread  ] [INFO ]  Validation performance at epoch 41 -> 0.3012985785311375
2021-03-08 15:34:15,026 [MainThread  ] [INFO ]  Test performance at epoch 41 -> 0.27740544140771967
2021-03-08 17:52:16,434 [MainThread  ] [INFO ]  Validation performance at epoch 61 -> 0.31035582691968094
2021-03-08 18:02:07,708 [MainThread  ] [INFO ]  Test performance at epoch 61 -> 0.29263262018614666
2021-03-08 18:40:35,460 [MainThread  ] [INFO ]  Plateau Reached!
2021-03-08 20:20:43,498 [MainThread  ] [INFO ]  Validation performance at epoch 81 -> 0.31566989760958764
2021-03-08 20:30:52,515 [MainThread  ] [INFO ]  Test performance at epoch 81 -> 0.2978507105464693
2021-03-08 21:47:45,363 [MainThread  ] [INFO ]  Plateau Reached!
2021-03-08 22:49:06,517 [MainThread  ] [INFO ]  Validation performance at epoch 101 -> 0.31461590198433903
2021-03-09 00:44:08,623 [MainThread  ] [INFO ]  Plateau Reached!
2021-03-09 01:06:58,464 [MainThread  ] [INFO ]  Validation performance at epoch 121 -> 0.31116292185189975
2021-03-09 03:24:46,384 [MainThread  ] [INFO ]  Validation performance at epoch 141 -> 0.3118387964921041
2021-03-09 03:50:22,096 [MainThread  ] [INFO ]  Plateau Reached!
2021-03-09 05:42:38,846 [MainThread  ] [INFO ]  Validation performance at epoch 161 -> 0.3117774647801345
2021-03-09 06:40:12,314 [MainThread  ] [INFO ]  Plateau Reached and no more reduction -> Exiting Loop
2021-03-09 06:49:59,607 [MainThread  ] [INFO ]  Best performance at end of training 
2021-03-09 06:49:59,608 [MainThread  ] [INFO ]  Average mAP: 0.2978507105464693
2021-03-09 06:49:59,608 [MainThread  ] [INFO ]  Average mAP visible: 0.3254430580977226
2021-03-09 06:49:59,608 [MainThread  ] [INFO ]  Average mAP unshown: 0.21386220703591455
2021-03-09 06:49:59,608 [MainThread  ] [INFO ]  Average mAP per class: [0.1949289546272171, 0.22300176088075463, 0.519976977361052, 0.42337242421296123, 0.6533890616596162, 0.368136505630153, 0.0, 0.0]
2021-03-09 06:49:59,608 [MainThread  ] [INFO ]  Average mAP visible per class: [0.27968759265212, 0.1823633951428555, 0.5553483063037227, 0.5145902686884964, 0.66927083153517, 0.4022840704594166, 0.0, 0.0]
2021-03-09 06:49:59,608 [MainThread  ] [INFO ]  Average mAP unshown per class: [0.0, 0.25507661075874066, 0.42337992126059976, 0.013651077709659416, 0.5670722315297246, 0.049153660608047024, 0.0, 0.0]
2021-03-09 06:49:59,612 [MainThread  ] [INFO ]  Total Execution Time is 75692.87271976471 seconds
