2021-03-08 09:48:40,720 [MainThread  ] [INFO ]  Starting main function
2021-03-08 09:48:40,721 [MainThread  ] [INFO ]  Parameters:
2021-03-08 09:48:40,721 [MainThread  ] [INFO ]   SoccerNet_path : /ibex/scratch/giancos/SoccerNet_calibration/
2021-03-08 09:48:40,721 [MainThread  ] [INFO ]         features : ResNET_TF2_PCA512.npy
2021-03-08 09:48:40,721 [MainThread  ] [INFO ]       max_epochs : 1000
2021-03-08 09:48:40,721 [MainThread  ] [INFO ]     load_weights : None
2021-03-08 09:48:40,721 [MainThread  ] [INFO ]       model_name : CALF_resGCN-14_cal_25_scaled_resnet_vis_M2_run_6
2021-03-08 09:48:40,721 [MainThread  ] [INFO ]             mode : 0
2021-03-08 09:48:40,721 [MainThread  ] [INFO ]        test_only : False
2021-03-08 09:48:40,721 [MainThread  ] [INFO ]        challenge : False
2021-03-08 09:48:40,721 [MainThread  ] [INFO ]             tiny : None
2021-03-08 09:48:40,721 [MainThread  ] [INFO ]      class_split : visual
2021-03-08 09:48:40,721 [MainThread  ] [INFO ]         K_params : None
2021-03-08 09:48:40,721 [MainThread  ] [INFO ]     num_features : 512
2021-03-08 09:48:40,721 [MainThread  ] [INFO ]  chunks_per_epoch : 18000
2021-03-08 09:48:40,721 [MainThread  ] [INFO ]  evaluation_frequency : 20
2021-03-08 09:48:40,721 [MainThread  ] [INFO ]      dim_capsule : 16
2021-03-08 09:48:40,721 [MainThread  ] [INFO ]        framerate : 2
2021-03-08 09:48:40,721 [MainThread  ] [INFO ]       chunk_size : 120
2021-03-08 09:48:40,721 [MainThread  ] [INFO ]  receptive_field : 40
2021-03-08 09:48:40,721 [MainThread  ] [INFO ]     lambda_coord : 5.0
2021-03-08 09:48:40,721 [MainThread  ] [INFO ]     lambda_noobj : 0.5
2021-03-08 09:48:40,721 [MainThread  ] [INFO ]  loss_weight_segmentation : 0.000367
2021-03-08 09:48:40,721 [MainThread  ] [INFO ]  loss_weight_detection : 1.0
2021-03-08 09:48:40,721 [MainThread  ] [INFO ]   num_detections : 15
2021-03-08 09:48:40,721 [MainThread  ] [INFO ]  feature_multiplier : 2
2021-03-08 09:48:40,721 [MainThread  ] [INFO ]  backbone_player : resGCN-14
2021-03-08 09:48:40,721 [MainThread  ] [INFO ]  backbone_feature : 2DConv
2021-03-08 09:48:40,721 [MainThread  ] [INFO ]      calibration : True
2021-03-08 09:48:40,721 [MainThread  ] [INFO ]  calibration_field : False
2021-03-08 09:48:40,721 [MainThread  ] [INFO ]  calibration_cone : False
2021-03-08 09:48:40,722 [MainThread  ] [INFO ]  calibration_confidence : False
2021-03-08 09:48:40,722 [MainThread  ] [INFO ]  dim_representation_w : 64
2021-03-08 09:48:40,722 [MainThread  ] [INFO ]  dim_representation_h : 32
2021-03-08 09:48:40,722 [MainThread  ] [INFO ]  dim_representation_c : 3
2021-03-08 09:48:40,722 [MainThread  ] [INFO ]  dim_representation_player : 2
2021-03-08 09:48:40,722 [MainThread  ] [INFO ]  dist_graph_player : 25
2021-03-08 09:48:40,722 [MainThread  ] [INFO ]     with_dropout : 0.0
2021-03-08 09:48:40,722 [MainThread  ] [INFO ]       batch_size : 32
2021-03-08 09:48:40,722 [MainThread  ] [INFO ]               LR : 0.001
2021-03-08 09:48:40,722 [MainThread  ] [INFO ]         patience : 25
2021-03-08 09:48:40,722 [MainThread  ] [INFO ]              GPU : -1
2021-03-08 09:48:40,722 [MainThread  ] [INFO ]   max_num_worker : 4
2021-03-08 09:48:40,722 [MainThread  ] [INFO ]         loglevel : INFO
2021-03-08 09:48:40,874 [MainThread  ] [INFO ]  Checking/Download features and labels locally
2021-03-08 09:48:49,722 [MainThread  ] [INFO ]  Pre-compute clips
2021-03-08 10:21:24,889 [MainThread  ] [INFO ]  Checking/Download features and labels locally
2021-03-08 10:21:27,333 [MainThread  ] [INFO ]  Pre-compute clips
2021-03-08 10:32:02,481 [MainThread  ] [INFO ]  Checking/Download features and labels locally
2021-03-08 10:32:05,718 [MainThread  ] [INFO ]  Checking/Download features and labels locally
2021-03-08 10:32:08,918 [MainThread  ] [INFO ]  ContextAwareModel(
  (conv_1): Conv2d(1, 128, kernel_size=(1, 512), stride=(1, 1))
  (conv_2): Conv2d(128, 32, kernel_size=(1, 1), stride=(1, 1))
  (pad_p_1): ZeroPad2d(padding=(0, 0, 5, 6), value=0.0)
  (pad_p_2): ZeroPad2d(padding=(0, 0, 13, 13), value=0.0)
  (pad_p_3): ZeroPad2d(padding=(0, 0, 19, 20), value=0.0)
  (pad_p_4): ZeroPad2d(padding=(0, 0, 39, 40), value=0.0)
  (conv_p_1): Conv2d(32, 8, kernel_size=(12, 1), stride=(1, 1))
  (conv_p_2): Conv2d(32, 16, kernel_size=(27, 1), stride=(1, 1))
  (conv_p_3): Conv2d(32, 32, kernel_size=(40, 1), stride=(1, 1))
  (conv_p_4): Conv2d(32, 64, kernel_size=(80, 1), stride=(1, 1))
  (node_encoder): Linear(in_features=8, out_features=64, bias=True)
  (edge_encoder): Linear(in_features=8, out_features=64, bias=True)
  (layers): ModuleList(
    (0): DeepGCNLayer(block=res)
    (1): DeepGCNLayer(block=res)
    (2): DeepGCNLayer(block=res)
    (3): DeepGCNLayer(block=res)
    (4): DeepGCNLayer(block=res)
    (5): DeepGCNLayer(block=res)
    (6): DeepGCNLayer(block=res)
    (7): DeepGCNLayer(block=res)
    (8): DeepGCNLayer(block=res)
    (9): DeepGCNLayer(block=res)
    (10): DeepGCNLayer(block=res)
    (11): DeepGCNLayer(block=res)
    (12): DeepGCNLayer(block=res)
    (13): DeepGCNLayer(block=res)
  )
  (lin): Linear(in_features=64, out_features=152, bias=True)
  (pad_seg): ZeroPad2d(padding=(0, 0, 1, 1), value=0.0)
  (conv_seg): Conv2d(304, 128, kernel_size=(3, 1), stride=(1, 1))
  (batch_seg): BatchNorm2d(240, eps=0.001, momentum=0.01, affine=True, track_running_stats=True)
  (max_pool_spot): MaxPool2d(kernel_size=(3, 1), stride=(2, 1), padding=0, dilation=1, ceil_mode=False)
  (pad_spot_1): ZeroPad2d(padding=(0, 0, 1, 1), value=0.0)
  (conv_spot_1): Conv2d(136, 32, kernel_size=(3, 1), stride=(1, 1))
  (max_pool_spot_1): MaxPool2d(kernel_size=(3, 1), stride=(2, 1), padding=0, dilation=1, ceil_mode=False)
  (pad_spot_2): ZeroPad2d(padding=(0, 0, 1, 1), value=0.0)
  (conv_spot_2): Conv2d(32, 16, kernel_size=(3, 1), stride=(1, 1))
  (max_pool_spot_2): MaxPool2d(kernel_size=(3, 1), stride=(2, 1), padding=0, dilation=1, ceil_mode=False)
  (conv_conf): Conv2d(464, 30, kernel_size=(1, 1), stride=(1, 1))
  (conv_class): Conv2d(464, 120, kernel_size=(1, 1), stride=(1, 1))
  (softmax): Softmax(dim=-1)
)
2021-03-08 10:32:08,919 [MainThread  ] [INFO ]  Total number of parameters: 741828
2021-03-08 10:32:08,920 [MainThread  ] [INFO ]  start training
2021-03-08 12:56:15,299 [MainThread  ] [INFO ]  Validation performance at epoch 21 -> 0.2622113355878074
2021-03-08 13:07:46,096 [MainThread  ] [INFO ]  Test performance at epoch 21 -> 0.26037768033590886
2021-03-08 15:27:00,312 [MainThread  ] [INFO ]  Validation performance at epoch 41 -> 0.3211879895398508
2021-03-08 15:39:10,588 [MainThread  ] [INFO ]  Test performance at epoch 41 -> 0.31829526117844453
2021-03-08 17:57:37,421 [MainThread  ] [INFO ]  Validation performance at epoch 61 -> 0.3385073556563904
2021-03-08 18:09:06,263 [MainThread  ] [INFO ]  Test performance at epoch 61 -> 0.3499963923276948
2021-03-08 20:27:00,385 [MainThread  ] [INFO ]  Validation performance at epoch 81 -> 0.34341612387998394
2021-03-08 20:38:38,587 [MainThread  ] [INFO ]  Test performance at epoch 81 -> 0.3661271420559869
2021-03-08 22:00:52,534 [MainThread  ] [INFO ]  Plateau Reached!
2021-03-08 22:57:48,321 [MainThread  ] [INFO ]  Validation performance at epoch 101 -> 0.39864097376038954
2021-03-08 23:09:54,458 [MainThread  ] [INFO ]  Test performance at epoch 101 -> 0.4055162887846022
2021-03-09 01:29:04,503 [MainThread  ] [INFO ]  Validation performance at epoch 121 -> 0.40059827749629584
2021-03-09 01:41:17,989 [MainThread  ] [INFO ]  Test performance at epoch 121 -> 0.4164986494548597
2021-03-09 01:41:17,990 [MainThread  ] [INFO ]  Plateau Reached!
2021-03-09 04:01:57,142 [MainThread  ] [INFO ]  Validation performance at epoch 141 -> 0.4009094923525516
2021-03-09 04:14:43,642 [MainThread  ] [INFO ]  Test performance at epoch 141 -> 0.4156965259630142
2021-03-09 04:53:15,081 [MainThread  ] [INFO ]  Plateau Reached!
2021-03-09 06:35:52,236 [MainThread  ] [INFO ]  Validation performance at epoch 161 -> 0.3997337342379734
2021-03-09 07:52:20,993 [MainThread  ] [INFO ]  Plateau Reached!
2021-03-09 08:55:21,325 [MainThread  ] [INFO ]  Validation performance at epoch 181 -> 0.3994504916420205
2021-03-09 10:50:03,035 [MainThread  ] [INFO ]  Plateau Reached!
2021-03-09 11:14:39,110 [MainThread  ] [INFO ]  Validation performance at epoch 201 -> 0.3995534430081673
2021-03-09 13:35:01,158 [MainThread  ] [INFO ]  Validation performance at epoch 221 -> 0.39991080420205105
2021-03-09 13:54:08,732 [MainThread  ] [INFO ]  Plateau Reached and no more reduction -> Exiting Loop
2021-03-09 14:06:36,100 [MainThread  ] [INFO ]  Best performance at end of training 
2021-03-09 14:06:36,101 [MainThread  ] [INFO ]  Average mAP: 0.4156965259630142
2021-03-09 14:06:36,101 [MainThread  ] [INFO ]  Average mAP visible: 0.4375782479839428
2021-03-09 14:06:36,101 [MainThread  ] [INFO ]  Average mAP unshown: 0.2713454580503059
2021-03-09 14:06:36,101 [MainThread  ] [INFO ]  Average mAP per class: [0.6349711423212895, 0.317069180249694, 0.5848433423168561, 0.5280124379162016, 0.7647646309470874, 0.49591147395298507, 0.0, 0.0]
2021-03-09 14:06:36,101 [MainThread  ] [INFO ]  Average mAP visible per class: [0.6924082644567425, 0.2826683509774542, 0.6199398688807485, 0.5967983374977411, 0.7754928952876351, 0.5333182667712205, 0.0, 0.0]
2021-03-09 14:06:36,101 [MainThread  ] [INFO ]  Average mAP unshown per class: [0.0, 0.33460523132677816, 0.4995436637720612, 0.024525077574400693, 0.6792096132174987, 0.12211215747583858, 0.0, 0.0]
2021-03-09 14:06:36,104 [MainThread  ] [INFO ]  Total Execution Time is 101875.38395738602 seconds
