2021-01-27 10:37:56,426 [MainThread  ] [INFO ]  Starting main function
2021-01-27 10:37:56,426 [MainThread  ] [INFO ]  Parameters:
2021-01-27 10:37:56,427 [MainThread  ] [INFO ]   SoccerNet_path : /media/giancos/Football/SoccerNet/
2021-01-27 10:37:56,427 [MainThread  ] [INFO ]         features : ResNET_TF2_PCA512.npy
2021-01-27 10:37:56,427 [MainThread  ] [INFO ]       max_epochs : 1000
2021-01-27 10:37:56,427 [MainThread  ] [INFO ]     load_weights : None
2021-01-27 10:37:56,427 [MainThread  ] [INFO ]       model_name : NETVLAD_v1
2021-01-27 10:37:56,427 [MainThread  ] [INFO ]        test_only : False
2021-01-27 10:37:56,427 [MainThread  ] [INFO ]          version : 1
2021-01-27 10:37:56,427 [MainThread  ] [INFO ]     num_features : 512
2021-01-27 10:37:56,427 [MainThread  ] [INFO ]  evaluation_frequency : 10
2021-01-27 10:37:56,427 [MainThread  ] [INFO ]        framerate : 2
2021-01-27 10:37:56,427 [MainThread  ] [INFO ]       chunk_size : 20
2021-01-27 10:37:56,427 [MainThread  ] [INFO ]             pool : NetVLAD
2021-01-27 10:37:56,427 [MainThread  ] [INFO ]       NMS_window : 20
2021-01-27 10:37:56,427 [MainThread  ] [INFO ]    NMS_threshold : 0.5
2021-01-27 10:37:56,427 [MainThread  ] [INFO ]       batch_size : 256
2021-01-27 10:37:56,427 [MainThread  ] [INFO ]               LR : 0.001
2021-01-27 10:37:56,428 [MainThread  ] [INFO ]              LRe : 1e-06
2021-01-27 10:37:56,428 [MainThread  ] [INFO ]         patience : 10
2021-01-27 10:37:56,428 [MainThread  ] [INFO ]              GPU : -1
2021-01-27 10:37:56,428 [MainThread  ] [INFO ]   max_num_worker : 4
2021-01-27 10:37:56,428 [MainThread  ] [INFO ]         loglevel : INFO
2021-01-27 10:37:56,429 [MainThread  ] [INFO ]  Checking/Download features and labels locally
2021-01-27 10:37:57,149 [MainThread  ] [INFO ]  Pre-compute clips
2021-01-27 10:38:09,173 [MainThread  ] [INFO ]  Checking/Download features and labels locally
2021-01-27 10:38:09,523 [MainThread  ] [INFO ]  Pre-compute clips
2021-01-27 10:38:12,945 [MainThread  ] [INFO ]  Checking/Download features and labels locally
2021-01-27 10:38:13,256 [MainThread  ] [INFO ]  Pre-compute clips
2021-01-27 10:38:15,538 [MainThread  ] [INFO ]  Checking/Download features and labels locally
2021-01-27 10:38:20,292 [MainThread  ] [INFO ]  Model(
  (pool_layer): NetVLAD(
    (conv): Conv2d(512, 64, kernel_size=(1, 1), stride=(1, 1), bias=False)
  )
  (fc): Linear(in_features=32768, out_features=4, bias=True)
  (drop): Dropout(p=0.4, inplace=False)
  (sigm): Sigmoid()
)
2021-01-27 10:38:20,293 [MainThread  ] [INFO ]  Total number of parameters: 196612
2021-01-27 10:38:20,294 [MainThread  ] [INFO ]  start training
2021-01-27 10:52:44,281 [MainThread  ] [INFO ]  Validation performance at epoch 11 -> 0.31611551850550734
2021-01-27 11:05:34,349 [MainThread  ] [INFO ]  Validation performance at epoch 21 -> 0.40755098602511036
2021-01-27 11:18:24,153 [MainThread  ] [INFO ]  Validation performance at epoch 31 -> 0.4621647421108941
2021-01-27 11:30:58,438 [MainThread  ] [INFO ]  Validation performance at epoch 41 -> 0.49229247259038234
2021-01-27 11:43:37,994 [MainThread  ] [INFO ]  Validation performance at epoch 51 -> 0.5149916967159462
2021-01-27 11:56:13,640 [MainThread  ] [INFO ]  Validation performance at epoch 61 -> 0.5306757251043074
2021-01-27 12:08:54,098 [MainThread  ] [INFO ]  Validation performance at epoch 71 -> 0.5446383891287415
2021-01-27 12:21:30,884 [MainThread  ] [INFO ]  Validation performance at epoch 81 -> 0.5534627463745776
2021-01-27 12:34:07,406 [MainThread  ] [INFO ]  Validation performance at epoch 91 -> 0.560838549822544
2021-01-27 12:46:44,282 [MainThread  ] [INFO ]  Validation performance at epoch 101 -> 0.5645635884017968
2021-01-27 12:50:27,582 [MainThread  ] [INFO ]  Plateau Reached!
2021-01-27 12:59:19,329 [MainThread  ] [INFO ]  Validation performance at epoch 111 -> 0.5664056385110792
2021-01-27 13:04:23,019 [MainThread  ] [INFO ]  Plateau Reached!
2021-01-27 13:11:57,453 [MainThread  ] [INFO ]  Validation performance at epoch 121 -> 0.5666884352339933
2021-01-27 13:18:11,658 [MainThread  ] [INFO ]  Plateau Reached!
2021-01-27 13:24:39,939 [MainThread  ] [INFO ]  Validation performance at epoch 131 -> 0.5666534537603202
2021-01-27 13:32:08,305 [MainThread  ] [INFO ]  Plateau Reached!
2021-01-27 13:37:18,354 [MainThread  ] [INFO ]  Validation performance at epoch 141 -> 0.5666670877169904
2021-01-27 13:46:02,540 [MainThread  ] [INFO ]  Plateau Reached!
2021-01-27 13:49:55,139 [MainThread  ] [INFO ]  Validation performance at epoch 151 -> 0.5666626604851984
2021-01-27 13:58:42,271 [MainThread  ] [INFO ]  Plateau Reached and no more reduction -> Exiting Loop
2021-01-27 14:03:57,329 [MainThread  ] [INFO ]  Best Performance at end of training 
2021-01-27 14:03:57,329 [MainThread  ] [INFO ]  a_mAP visibility all: 0.4467165590270363
2021-01-27 14:03:57,329 [MainThread  ] [INFO ]  a_mAP visibility all per class: [0.30155597893875774, 0.4735701985924723, 0.5650234995498788]
2021-01-27 14:03:57,329 [MainThread  ] [INFO ]  a_mAP visibility visible: None
2021-01-27 14:03:57,329 [MainThread  ] [INFO ]  a_mAP visibility visible per class: None
2021-01-27 14:03:57,329 [MainThread  ] [INFO ]  a_mAP visibility unshown: None
2021-01-27 14:03:57,329 [MainThread  ] [INFO ]  a_mAP visibility unshown per class: None
2021-01-27 14:03:57,814 [MainThread  ] [INFO ]  Total Execution Time is 12361.387825250626 seconds
