2021-03-08 09:48:29,317 [MainThread  ] [INFO ]  Starting main function
2021-03-08 09:48:29,318 [MainThread  ] [INFO ]  Parameters:
2021-03-08 09:48:29,318 [MainThread  ] [INFO ]   SoccerNet_path : /ibex/scratch/giancos/SoccerNet_calibration/
2021-03-08 09:48:29,318 [MainThread  ] [INFO ]         features : ResNET_TF2_PCA512.npy
2021-03-08 09:48:29,318 [MainThread  ] [INFO ]       max_epochs : 1000
2021-03-08 09:48:29,318 [MainThread  ] [INFO ]     load_weights : None
2021-03-08 09:48:29,318 [MainThread  ] [INFO ]       model_name : CALF_resGCN-14_cal_25_scaled_resnet_vis_M2_run_4
2021-03-08 09:48:29,318 [MainThread  ] [INFO ]             mode : 0
2021-03-08 09:48:29,318 [MainThread  ] [INFO ]        test_only : False
2021-03-08 09:48:29,318 [MainThread  ] [INFO ]        challenge : False
2021-03-08 09:48:29,318 [MainThread  ] [INFO ]             tiny : None
2021-03-08 09:48:29,318 [MainThread  ] [INFO ]      class_split : visual
2021-03-08 09:48:29,318 [MainThread  ] [INFO ]         K_params : None
2021-03-08 09:48:29,318 [MainThread  ] [INFO ]     num_features : 512
2021-03-08 09:48:29,318 [MainThread  ] [INFO ]  chunks_per_epoch : 18000
2021-03-08 09:48:29,318 [MainThread  ] [INFO ]  evaluation_frequency : 20
2021-03-08 09:48:29,318 [MainThread  ] [INFO ]      dim_capsule : 16
2021-03-08 09:48:29,318 [MainThread  ] [INFO ]        framerate : 2
2021-03-08 09:48:29,319 [MainThread  ] [INFO ]       chunk_size : 120
2021-03-08 09:48:29,319 [MainThread  ] [INFO ]  receptive_field : 40
2021-03-08 09:48:29,319 [MainThread  ] [INFO ]     lambda_coord : 5.0
2021-03-08 09:48:29,319 [MainThread  ] [INFO ]     lambda_noobj : 0.5
2021-03-08 09:48:29,319 [MainThread  ] [INFO ]  loss_weight_segmentation : 0.000367
2021-03-08 09:48:29,319 [MainThread  ] [INFO ]  loss_weight_detection : 1.0
2021-03-08 09:48:29,319 [MainThread  ] [INFO ]   num_detections : 15
2021-03-08 09:48:29,319 [MainThread  ] [INFO ]  feature_multiplier : 2
2021-03-08 09:48:29,319 [MainThread  ] [INFO ]  backbone_player : resGCN-14
2021-03-08 09:48:29,319 [MainThread  ] [INFO ]  backbone_feature : 2DConv
2021-03-08 09:48:29,319 [MainThread  ] [INFO ]      calibration : True
2021-03-08 09:48:29,319 [MainThread  ] [INFO ]  calibration_field : False
2021-03-08 09:48:29,319 [MainThread  ] [INFO ]  calibration_cone : False
2021-03-08 09:48:29,319 [MainThread  ] [INFO ]  calibration_confidence : False
2021-03-08 09:48:29,319 [MainThread  ] [INFO ]  dim_representation_w : 64
2021-03-08 09:48:29,319 [MainThread  ] [INFO ]  dim_representation_h : 32
2021-03-08 09:48:29,319 [MainThread  ] [INFO ]  dim_representation_c : 3
2021-03-08 09:48:29,319 [MainThread  ] [INFO ]  dim_representation_player : 2
2021-03-08 09:48:29,319 [MainThread  ] [INFO ]  dist_graph_player : 25
2021-03-08 09:48:29,319 [MainThread  ] [INFO ]     with_dropout : 0.0
2021-03-08 09:48:29,319 [MainThread  ] [INFO ]       batch_size : 32
2021-03-08 09:48:29,320 [MainThread  ] [INFO ]               LR : 0.001
2021-03-08 09:48:29,320 [MainThread  ] [INFO ]         patience : 25
2021-03-08 09:48:29,320 [MainThread  ] [INFO ]              GPU : -1
2021-03-08 09:48:29,320 [MainThread  ] [INFO ]   max_num_worker : 4
2021-03-08 09:48:29,320 [MainThread  ] [INFO ]         loglevel : INFO
2021-03-08 09:48:29,742 [MainThread  ] [INFO ]  Checking/Download features and labels locally
2021-03-08 09:48:38,188 [MainThread  ] [INFO ]  Pre-compute clips
2021-03-08 10:20:26,120 [MainThread  ] [INFO ]  Checking/Download features and labels locally
2021-03-08 10:20:28,736 [MainThread  ] [INFO ]  Pre-compute clips
2021-03-08 10:31:03,714 [MainThread  ] [INFO ]  Checking/Download features and labels locally
2021-03-08 10:31:06,157 [MainThread  ] [INFO ]  Checking/Download features and labels locally
2021-03-08 10:31:08,600 [MainThread  ] [INFO ]  ContextAwareModel(
  (conv_1): Conv2d(1, 128, kernel_size=(1, 512), stride=(1, 1))
  (conv_2): Conv2d(128, 32, kernel_size=(1, 1), stride=(1, 1))
  (pad_p_1): ZeroPad2d(padding=(0, 0, 5, 6), value=0.0)
  (pad_p_2): ZeroPad2d(padding=(0, 0, 13, 13), value=0.0)
  (pad_p_3): ZeroPad2d(padding=(0, 0, 19, 20), value=0.0)
  (pad_p_4): ZeroPad2d(padding=(0, 0, 39, 40), value=0.0)
  (conv_p_1): Conv2d(32, 8, kernel_size=(12, 1), stride=(1, 1))
  (conv_p_2): Conv2d(32, 16, kernel_size=(27, 1), stride=(1, 1))
  (conv_p_3): Conv2d(32, 32, kernel_size=(40, 1), stride=(1, 1))
  (conv_p_4): Conv2d(32, 64, kernel_size=(80, 1), stride=(1, 1))
  (node_encoder): Linear(in_features=8, out_features=64, bias=True)
  (edge_encoder): Linear(in_features=8, out_features=64, bias=True)
  (layers): ModuleList(
    (0): DeepGCNLayer(block=res)
    (1): DeepGCNLayer(block=res)
    (2): DeepGCNLayer(block=res)
    (3): DeepGCNLayer(block=res)
    (4): DeepGCNLayer(block=res)
    (5): DeepGCNLayer(block=res)
    (6): DeepGCNLayer(block=res)
    (7): DeepGCNLayer(block=res)
    (8): DeepGCNLayer(block=res)
    (9): DeepGCNLayer(block=res)
    (10): DeepGCNLayer(block=res)
    (11): DeepGCNLayer(block=res)
    (12): DeepGCNLayer(block=res)
    (13): DeepGCNLayer(block=res)
  )
  (lin): Linear(in_features=64, out_features=152, bias=True)
  (pad_seg): ZeroPad2d(padding=(0, 0, 1, 1), value=0.0)
  (conv_seg): Conv2d(304, 128, kernel_size=(3, 1), stride=(1, 1))
  (batch_seg): BatchNorm2d(240, eps=0.001, momentum=0.01, affine=True, track_running_stats=True)
  (max_pool_spot): MaxPool2d(kernel_size=(3, 1), stride=(2, 1), padding=0, dilation=1, ceil_mode=False)
  (pad_spot_1): ZeroPad2d(padding=(0, 0, 1, 1), value=0.0)
  (conv_spot_1): Conv2d(136, 32, kernel_size=(3, 1), stride=(1, 1))
  (max_pool_spot_1): MaxPool2d(kernel_size=(3, 1), stride=(2, 1), padding=0, dilation=1, ceil_mode=False)
  (pad_spot_2): ZeroPad2d(padding=(0, 0, 1, 1), value=0.0)
  (conv_spot_2): Conv2d(32, 16, kernel_size=(3, 1), stride=(1, 1))
  (max_pool_spot_2): MaxPool2d(kernel_size=(3, 1), stride=(2, 1), padding=0, dilation=1, ceil_mode=False)
  (conv_conf): Conv2d(464, 30, kernel_size=(1, 1), stride=(1, 1))
  (conv_class): Conv2d(464, 120, kernel_size=(1, 1), stride=(1, 1))
  (softmax): Softmax(dim=-1)
)
2021-03-08 10:31:08,601 [MainThread  ] [INFO ]  Total number of parameters: 741828
2021-03-08 10:31:08,602 [MainThread  ] [INFO ]  start training
2021-03-08 12:57:01,945 [MainThread  ] [INFO ]  Validation performance at epoch 21 -> 0.24044811651376194
2021-03-08 13:08:17,509 [MainThread  ] [INFO ]  Test performance at epoch 21 -> 0.23621419191182452
2021-03-08 15:30:28,462 [MainThread  ] [INFO ]  Validation performance at epoch 41 -> 0.3039949079784235
2021-03-08 15:42:19,505 [MainThread  ] [INFO ]  Test performance at epoch 41 -> 0.2950445633737252
2021-03-08 18:03:14,243 [MainThread  ] [INFO ]  Validation performance at epoch 61 -> 0.3123339888621267
2021-03-08 18:14:47,099 [MainThread  ] [INFO ]  Test performance at epoch 61 -> 0.3110060748002713
2021-03-08 20:34:09,705 [MainThread  ] [INFO ]  Validation performance at epoch 81 -> 0.359089051657068
2021-03-08 20:45:23,374 [MainThread  ] [INFO ]  Test performance at epoch 81 -> 0.33900662837590384
2021-03-08 20:51:49,593 [MainThread  ] [INFO ]  Plateau Reached!
2021-03-08 23:07:48,150 [MainThread  ] [INFO ]  Validation performance at epoch 101 -> 0.37488872694254294
2021-03-08 23:20:10,201 [MainThread  ] [INFO ]  Test performance at epoch 101 -> 0.3769009779310607
2021-03-09 00:05:58,067 [MainThread  ] [INFO ]  Plateau Reached!
2021-03-09 01:42:39,292 [MainThread  ] [INFO ]  Validation performance at epoch 121 -> 0.3803562003525553
2021-03-09 01:54:56,766 [MainThread  ] [INFO ]  Test performance at epoch 121 -> 0.38275884612327155
2021-03-09 03:19:42,266 [MainThread  ] [INFO ]  Plateau Reached!
2021-03-09 04:18:05,010 [MainThread  ] [INFO ]  Validation performance at epoch 141 -> 0.3784904048487172
2021-03-09 06:22:11,136 [MainThread  ] [INFO ]  Plateau Reached!
2021-03-09 06:41:22,412 [MainThread  ] [INFO ]  Validation performance at epoch 161 -> 0.3802002975255154
2021-03-09 09:04:44,549 [MainThread  ] [INFO ]  Validation performance at epoch 181 -> 0.38052881197179966
2021-03-09 09:17:00,122 [MainThread  ] [INFO ]  Test performance at epoch 181 -> 0.38728878233530134
2021-03-09 09:49:49,130 [MainThread  ] [INFO ]  Plateau Reached!
2021-03-09 11:40:32,223 [MainThread  ] [INFO ]  Validation performance at epoch 201 -> 0.37993365488021724
2021-03-09 12:45:49,424 [MainThread  ] [INFO ]  Plateau Reached and no more reduction -> Exiting Loop
2021-03-09 12:57:43,503 [MainThread  ] [INFO ]  Best performance at end of training 
2021-03-09 12:57:43,505 [MainThread  ] [INFO ]  Average mAP: 0.38728878233530134
2021-03-09 12:57:43,505 [MainThread  ] [INFO ]  Average mAP visible: 0.40495563062905604
2021-03-09 12:57:43,505 [MainThread  ] [INFO ]  Average mAP unshown: 0.2581942211665924
2021-03-09 12:57:43,505 [MainThread  ] [INFO ]  Average mAP per class: [0.5307379583025496, 0.3421287347712709, 0.5716116544149987, 0.48536676858144695, 0.7327665301646478, 0.4356986124474971, 0.0, 0.0]
2021-03-09 12:57:43,505 [MainThread  ] [INFO ]  Average mAP visible per class: [0.5477272305866258, 0.31062648408934945, 0.6064684117546172, 0.5494315371383213, 0.7482208849142027, 0.4771704965493316, 0.0, 0.0]
2021-03-09 12:57:43,505 [MainThread  ] [INFO ]  Average mAP unshown per class: [0.0, 0.35966511676018215, 0.4837704372741096, 0.02998972078468015, 0.6459604566318867, 0.06015538627417755, 0.0, 0.0]
2021-03-09 12:57:43,508 [MainThread  ] [INFO ]  Total Execution Time is 97754.19100499153 seconds
