2021-01-27 10:37:40,289 [MainThread  ] [INFO ]  Starting main function
2021-01-27 10:37:40,289 [MainThread  ] [INFO ]  Parameters:
2021-01-27 10:37:40,290 [MainThread  ] [INFO ]   SoccerNet_path : /media/giancos/Football/SoccerNet/
2021-01-27 10:37:40,290 [MainThread  ] [INFO ]         features : ResNET_TF2_PCA512.npy
2021-01-27 10:37:40,290 [MainThread  ] [INFO ]       max_epochs : 1000
2021-01-27 10:37:40,290 [MainThread  ] [INFO ]     load_weights : None
2021-01-27 10:37:40,290 [MainThread  ] [INFO ]       model_name : NETVLAD_v2
2021-01-27 10:37:40,290 [MainThread  ] [INFO ]        test_only : False
2021-01-27 10:37:40,290 [MainThread  ] [INFO ]          version : 2
2021-01-27 10:37:40,290 [MainThread  ] [INFO ]     num_features : 512
2021-01-27 10:37:40,290 [MainThread  ] [INFO ]  evaluation_frequency : 10
2021-01-27 10:37:40,290 [MainThread  ] [INFO ]        framerate : 2
2021-01-27 10:37:40,290 [MainThread  ] [INFO ]       chunk_size : 20
2021-01-27 10:37:40,290 [MainThread  ] [INFO ]             pool : NetVLAD
2021-01-27 10:37:40,290 [MainThread  ] [INFO ]       NMS_window : 20
2021-01-27 10:37:40,290 [MainThread  ] [INFO ]    NMS_threshold : 0.5
2021-01-27 10:37:40,290 [MainThread  ] [INFO ]       batch_size : 256
2021-01-27 10:37:40,290 [MainThread  ] [INFO ]               LR : 0.001
2021-01-27 10:37:40,290 [MainThread  ] [INFO ]              LRe : 1e-06
2021-01-27 10:37:40,290 [MainThread  ] [INFO ]         patience : 10
2021-01-27 10:37:40,291 [MainThread  ] [INFO ]              GPU : -1
2021-01-27 10:37:40,291 [MainThread  ] [INFO ]   max_num_worker : 4
2021-01-27 10:37:40,291 [MainThread  ] [INFO ]         loglevel : INFO
2021-01-27 10:37:40,291 [MainThread  ] [INFO ]  Checking/Download features and labels locally
2021-01-27 10:37:40,978 [MainThread  ] [INFO ]  Pre-compute clips
2021-01-27 10:37:51,107 [MainThread  ] [INFO ]  Checking/Download features and labels locally
2021-01-27 10:37:51,320 [MainThread  ] [INFO ]  Pre-compute clips
2021-01-27 10:37:54,606 [MainThread  ] [INFO ]  Checking/Download features and labels locally
2021-01-27 10:37:54,948 [MainThread  ] [INFO ]  Pre-compute clips
2021-01-27 10:37:58,324 [MainThread  ] [INFO ]  Checking/Download features and labels locally
2021-01-27 10:38:01,509 [MainThread  ] [INFO ]  Model(
  (pool_layer): NetVLAD(
    (conv): Conv2d(512, 64, kernel_size=(1, 1), stride=(1, 1), bias=False)
  )
  (fc): Linear(in_features=32768, out_features=18, bias=True)
  (drop): Dropout(p=0.4, inplace=False)
  (sigm): Sigmoid()
)
2021-01-27 10:38:01,509 [MainThread  ] [INFO ]  Total number of parameters: 655378
2021-01-27 10:38:01,510 [MainThread  ] [INFO ]  start training
2021-01-27 10:51:57,478 [MainThread  ] [INFO ]  Validation performance at epoch 11 -> 0.26713845184532065
2021-01-27 11:04:31,014 [MainThread  ] [INFO ]  Validation performance at epoch 21 -> 0.33197492564079367
2021-01-27 11:17:08,156 [MainThread  ] [INFO ]  Validation performance at epoch 31 -> 0.36127424916449385
2021-01-27 11:29:41,876 [MainThread  ] [INFO ]  Validation performance at epoch 41 -> 0.3818540480158104
2021-01-27 11:42:12,702 [MainThread  ] [INFO ]  Validation performance at epoch 51 -> 0.39501601515383505
2021-01-27 11:54:39,108 [MainThread  ] [INFO ]  Validation performance at epoch 61 -> 0.4050265663724253
2021-01-27 12:07:09,045 [MainThread  ] [INFO ]  Validation performance at epoch 71 -> 0.4120866791064639
2021-01-27 12:19:36,027 [MainThread  ] [INFO ]  Validation performance at epoch 81 -> 0.4172972179557476
2021-01-27 12:31:59,242 [MainThread  ] [INFO ]  Validation performance at epoch 91 -> 0.4220135688144622
2021-01-27 12:44:25,850 [MainThread  ] [INFO ]  Validation performance at epoch 101 -> 0.4254483931795429
2021-01-27 12:56:51,049 [MainThread  ] [INFO ]  Validation performance at epoch 111 -> 0.4274185657671637
2021-01-27 13:09:26,103 [MainThread  ] [INFO ]  Validation performance at epoch 121 -> 0.4289320710709428
2021-01-27 13:21:57,878 [MainThread  ] [INFO ]  Validation performance at epoch 131 -> 0.4314846117414491
2021-01-27 13:23:14,097 [MainThread  ] [INFO ]  Plateau Reached!
2021-01-27 13:34:29,031 [MainThread  ] [INFO ]  Validation performance at epoch 141 -> 0.4318203635007664
2021-01-27 13:39:27,109 [MainThread  ] [INFO ]  Plateau Reached!
2021-01-27 13:46:57,369 [MainThread  ] [INFO ]  Validation performance at epoch 151 -> 0.43180397242872387
2021-01-27 13:53:05,107 [MainThread  ] [INFO ]  Plateau Reached!
2021-01-27 13:59:18,560 [MainThread  ] [INFO ]  Validation performance at epoch 161 -> 0.4318272246691679
2021-01-27 14:05:28,930 [MainThread  ] [INFO ]  Plateau Reached!
2021-01-27 14:08:15,289 [MainThread  ] [INFO ]  Validation performance at epoch 171 -> 0.43181525740575244
2021-01-27 14:12:58,201 [MainThread  ] [INFO ]  Plateau Reached!
2021-01-27 14:15:06,967 [MainThread  ] [INFO ]  Validation performance at epoch 181 -> 0.4318132483794216
2021-01-27 14:19:49,520 [MainThread  ] [INFO ]  Plateau Reached and no more reduction -> Exiting Loop
2021-01-27 14:23:06,684 [MainThread  ] [INFO ]  Best Performance at end of training 
2021-01-27 14:23:06,685 [MainThread  ] [INFO ]  a_mAP visibility all: 0.31370120223841597
2021-01-27 14:23:06,685 [MainThread  ] [INFO ]  a_mAP visibility all per class: [0.3231263870760005, 0.45722090805547644, 0.5488053487035391, 0.517128461996534, 0.14578474041283956, 0.2141620968827662, 0.1968398188695559, 0.32680890490003567, 0.474017754288182, 0.42361505037648617, 0.3195586870452357, 0.1669980530080603, 0.33571428165481937, 0.5509261328362477, 0.33221381194729344, 0.0, 0.0]
2021-01-27 14:23:06,685 [MainThread  ] [INFO ]  a_mAP visibility visible: 0.34295277321486684
2021-01-27 14:23:06,685 [MainThread  ] [INFO ]  a_mAP visibility visible per class: [0.34650210018957467, 0.5775005686223278, 0.5526229954433972, 0.5863929063669, 0.14797983859340458, 0.21458481604647892, 0.19675756080373494, 0.4757033514308656, 0.479585526010317, 0.463268023820049, 0.3208205499374447, 0.16684777063441394, 0.40125911303722744, 0.5576672227749028, 0.342704800941698, 0.0, 0.0]
2021-01-27 14:23:06,685 [MainThread  ] [INFO ]  a_mAP visibility unshown: 0.23272726818291833
2021-01-27 14:23:06,685 [MainThread  ] [INFO ]  a_mAP visibility unshown per class: [0.0, 0.41507744931011553, 0.0, 0.24840777805753053, 0.07153351698806244, 0.0, 0.5454545454545454, 0.2143091433751539, 0.40804650730609787, 0.3290253044884593, 0.16107831562377015, 0.17332858511160593, 0.0, 0.41273443340823585, 0.0464589072543618, 0.0, 0.0]
2021-01-27 14:23:07,065 [MainThread  ] [INFO ]  Total Execution Time is 13526.776000976562 seconds
